Error message: executemany() missing 1 required positional argument: 'seq_params'
Error message: ['12', 'Accounting']
Traceback (most recent call last):
  File "/home/ec2-user/ingest-demo/main.py", line 95, in create_upload_file
    cursor.executemany(insert_query)
TypeError: executemany() missing 1 required positional argument: 'seq_params'

Error message: executemany() missing 1 required positional argument: 'seq_params'
Error message: ['1000', "Vivian O'Boyle", '2021-11-08T19:06:28Z', '6', '134']
Traceback (most recent call last):
  File "/home/ec2-user/ingest-demo/main.py", line 78, in create_upload_file
    cursor.executemany(insert_query)
TypeError: executemany() missing 1 required positional argument: 'seq_params'

Error message: executemany() missing 1 required positional argument: 'seq_params'
Error message: ['1999', 'Jerri Zebedee', '2022-01-18T10:47:37Z', '8', '80']
Traceback (most recent call last):
  File "/home/ec2-user/ingest-demo/main.py", line 95, in create_upload_file
    cursor.executemany(insert_query)
TypeError: executemany() missing 1 required positional argument: 'seq_params'

Error message: executemany() missing 1 required positional argument: 'seq_params'
Error message: ['183', 'Administrative Assistant IV']
Traceback (most recent call last):
  File "/home/ec2-user/ingest-demo/main.py", line 95, in create_upload_file
    cursor.executemany(insert_query)
TypeError: executemany() missing 1 required positional argument: 'seq_params'

Error message: executemany() missing 1 required positional argument: 'seq_params'
Error message: ['12', 'Accounting']
Traceback (most recent call last):
  File "/home/ec2-user/ingest-demo/main.py", line 95, in create_upload_file
    cursor.executemany(insert_query)
TypeError: executemany() missing 1 required positional argument: 'seq_params'

Error message: executemany() missing 1 required positional argument: 'seq_params'
Error message: ['1000', "Vivian O'Boyle", '2021-11-08T19:06:28Z', '6', '134']
Traceback (most recent call last):
  File "/home/ec2-user/ingest-demo/main.py", line 78, in create_upload_file
    cursor.executemany(insert_query)
TypeError: executemany() missing 1 required positional argument: 'seq_params'

Error message: executemany() missing 1 required positional argument: 'seq_params'
Error message: ['1999', 'Jerri Zebedee', '2022-01-18T10:47:37Z', '8', '80']
Traceback (most recent call last):
  File "/home/ec2-user/ingest-demo/main.py", line 95, in create_upload_file
    cursor.executemany(insert_query)
TypeError: executemany() missing 1 required positional argument: 'seq_params'

Error message: executemany() missing 1 required positional argument: 'seq_params'
Error message: ['183', 'Administrative Assistant IV']
Traceback (most recent call last):
  File "/home/ec2-user/ingest-demo/main.py", line 95, in create_upload_file
    cursor.executemany(insert_query)
TypeError: executemany() missing 1 required positional argument: 'seq_params'

Error message: executemany() missing 1 required positional argument: 'seq_params'
Error message: ['12', 'Accounting']
Traceback (most recent call last):
  File "/home/ec2-user/ingest-demo/main.py", line 95, in create_upload_file
    cursor.executemany(insert_query)
TypeError: executemany() missing 1 required positional argument: 'seq_params'

Error message: executemany() missing 1 required positional argument: 'seq_params'
Error message: ['1000', "Vivian O'Boyle", '2021-11-08T19:06:28Z', '6', '134']
Traceback (most recent call last):
  File "/home/ec2-user/ingest-demo/main.py", line 78, in create_upload_file
    cursor.executemany(insert_query)
TypeError: executemany() missing 1 required positional argument: 'seq_params'

Error message: executemany() missing 1 required positional argument: 'seq_params'
Error message: ['1999', 'Jerri Zebedee', '2022-01-18T10:47:37Z', '8', '80']
Traceback (most recent call last):
  File "/home/ec2-user/ingest-demo/main.py", line 95, in create_upload_file
    cursor.executemany(insert_query)
TypeError: executemany() missing 1 required positional argument: 'seq_params'

Error message: executemany() missing 1 required positional argument: 'seq_params'
Error message: ['183', 'Administrative Assistant IV']
Traceback (most recent call last):
  File "/home/ec2-user/ingest-demo/main.py", line 95, in create_upload_file
    cursor.executemany(insert_query)
TypeError: executemany() missing 1 required positional argument: 'seq_params'

